2019/02/12 22:44:16 Entering go-plugins-helpers getPath
time="2019-02-12T22:44:16Z" level=debug msg=invoked ::trace=01D3HY3PPRMTSYQGHH8WQQJ7W9 :func=driver/Get :param/request="&{foobar}"
time="2019-02-12T22:44:16Z" level=debug msg=invoked ::trace=01D3HY3PPRMTSYQGHH8WQQJ7W9.1 :func=manager/Get :param/name=foobar
time="2019-02-12T22:44:16Z" level=debug msg=invoked ::trace=01D3HY3PPRMTSYQGHH8WQQJ7W9.1.1 :func=manager/validateName :param/name=foobar
time="2019-02-12T22:44:16Z" level=debug msg=finished ::trace=01D3HY3PPRMTSYQGHH8WQQJ7W9.1.1 :func=manager/validateName
time="2019-02-12T22:44:16Z" level=debug msg=invoked ::trace=01D3HY3PPRMTSYQGHH8WQQJ7W9.1.2 :func=manager/getVolume :param/name=foobar
time="2019-02-12T22:44:16Z" level=error msg="failed with an error" ::trace=01D3HY3PPRMTSYQGHH8WQQJ7W9.1.2 :func=manager/getVolume :return/err="volume 'foobar' does not exist"
time="2019-02-12T22:44:16Z" level=error msg="failed with an error" ::trace=01D3HY3PPRMTSYQGHH8WQQJ7W9.1 :func=manager/Get :return/err="volume 'foobar' does not exist"
time="2019-02-12T22:44:16Z" level=error msg="failed with an error" ::trace=01D3HY3PPRMTSYQGHH8WQQJ7W9 :func=driver/Get :return/err="volume 'foobar' does not exist"
2019/02/12 22:44:16 Entering go-plugins-helpers createPath
time="2019-02-12T22:44:16Z" level=debug msg=invoked ::trace=01D3HY3PPX4DEMSEW33NN80BFX :func=driver/Create :param/request="&{foobar map[mode:777]}"
time="2019-02-12T22:44:16Z" level=debug msg="no 'size' option found - using default" ::trace=01D3HY3PPX4DEMSEW33NN80BFX :func=driver/Create default=1GiB
time="2019-02-12T22:44:16Z" level=debug msg="no 'fs' option found - using default" ::trace=01D3HY3PPX4DEMSEW33NN80BFX :func=driver/Create default=xfs
time="2019-02-12T22:44:16Z" level=debug msg="will parse mode as octal" ::trace=01D3HY3PPX4DEMSEW33NN80BFX :func=driver/Create mode=777
time="2019-02-12T22:44:16Z" level=debug msg=invoked ::trace=01D3HY3PPX4DEMSEW33NN80BFX.1 :func=manager/Create :param/fs=xfs :param/gid=-1 :param/mode=0777 :param/name=foobar :param/sizeInBytes=1073741824 :param/sparse=false :param/uid=-1
time="2019-02-12T22:44:16Z" level=debug msg=invoked ::trace=01D3HY3PPX4DEMSEW33NN80BFX.1.1 :func=manager/validateName :param/name=foobar
time="2019-02-12T22:44:16Z" level=debug msg=finished ::trace=01D3HY3PPX4DEMSEW33NN80BFX.1.1 :func=manager/validateName
time="2019-02-12T22:44:16Z" level=debug msg=invoked ::trace=01D3HY3PPX4DEMSEW33NN80BFX.1.2 :func=manager/runCommand :param/args="[-l 1073741824 /var/lib/docker-volume-loopback/foobar]" :param/name=fallocate
time="2019-02-12T22:44:16Z" level=error msg="failed with an error" ::trace=01D3HY3PPX4DEMSEW33NN80BFX.1.2 :func=manager/runCommand :return/err="exit status 1"
time="2019-02-12T22:44:16Z" level=warning msg="it seems that 'fallocate' is not supported - falling back to 'dd' to create data-file" ::trace=01D3HY3PPX4DEMSEW33NN80BFX.1 :func=manager/Create data-file=/var/lib/docker-volume-loopback/foobar sparse=false
time="2019-02-12T22:44:16Z" level=debug msg=invoked ::trace=01D3HY3PPX4DEMSEW33NN80BFX.1.3 :func=manager/runCommand :param/args="[if=/dev/zero of=/var/lib/docker-volume-loopback/foobar bs=1000000 count=1073]" :param/name=dd
time="2019-02-12T22:44:17Z" level=debug msg=finished ::trace=01D3HY3PPX4DEMSEW33NN80BFX.1.3 :func=manager/runCommand :return/output="1073+0 records in\n1073+0 records out\n1073000000 bytes (1.1 GB, 1023 MiB) copied, 1.19335 s, 899 MB/s"
time="2019-02-12T22:44:17Z" level=debug msg=invoked ::trace=01D3HY3PPX4DEMSEW33NN80BFX.1.4 :func=manager/runCommand :param/args="[-f /var/lib/docker-volume-loopback/foobar]" :param/name=mkfs.xfs
time="2019-02-12T22:44:17Z" level=debug msg=finished ::trace=01D3HY3PPX4DEMSEW33NN80BFX.1.4 :func=manager/runCommand :return/output="meta-data=/var/lib/docker-volume-loopback/foobar isize=512    agcount=4, agsize=65491 blks\n         =                       sectsz=512   attr=2, projid32bit=1\n         =                       crc=1        finobt=1, sparse=0, rmapbt=0, reflink=0\ndata     =                       bsize=4096   blocks=261962, imaxpct=25\n         =                       sunit=0      swidth=0 blks\nnaming   =version 2              bsize=4096   ascii-ci=0 ftype=1\nlog      =internal log           bsize=4096   blocks=855, version=2\n         =                       sectsz=512   sunit=0 blks, lazy-count=1\nrealtime =none                   extsz=4096   blocks=0, rtextents=0"
time="2019-02-12T22:44:17Z" level=debug msg="initial volume creation complete" ::trace=01D3HY3PPX4DEMSEW33NN80BFX.1 :func=manager/Create data-file=/var/lib/docker-volume-loopback/foobar sparse=false
time="2019-02-12T22:44:17Z" level=debug msg=invoked ::trace=01D3HY3PPX4DEMSEW33NN80BFX.1.5 :func=manager/Mount :param/lease=driver :param/name=foobar
time="2019-02-12T22:44:17Z" level=debug msg=invoked ::trace=01D3HY3PPX4DEMSEW33NN80BFX.1.5.1 :func=manager/validateName :param/name=foobar
time="2019-02-12T22:44:17Z" level=debug msg=finished ::trace=01D3HY3PPX4DEMSEW33NN80BFX.1.5.1 :func=manager/validateName
time="2019-02-12T22:44:17Z" level=debug msg=invoked ::trace=01D3HY3PPX4DEMSEW33NN80BFX.1.5.2 :func=manager/getVolume :param/name=foobar
time="2019-02-12T22:44:17Z" level=debug msg=finished ::trace=01D3HY3PPX4DEMSEW33NN80BFX.1.5.2 :func=manager/getVolume :return/volume="{foobar 1074053120 1073000000 /run/docker-volume-loopback/foobar /var/lib/docker-volume-loopback/foobar /mnt/foobar 2019-02-12 22:44:17.482223078 +0000 UTC }"
time="2019-02-12T22:44:17Z" level=debug msg=invoked ::trace=01D3HY3PPX4DEMSEW33NN80BFX.1.5.3 :func=Volume/IsMounted
time="2019-02-12T22:44:17Z" level=debug msg=finished ::trace=01D3HY3PPX4DEMSEW33NN80BFX.1.5.3 :func=Volume/IsMounted :return/mounted=false
time="2019-02-12T22:44:17Z" level=debug msg=invoked ::trace=01D3HY3PPX4DEMSEW33NN80BFX.1.5.4 :func=Volume/Fs
time="2019-02-12T22:44:17Z" level=debug msg=invoked ::trace=01D3HY3PPX4DEMSEW33NN80BFX.1.5.4.1 :func=manager/runCommand :param/args="[/var/lib/docker-volume-loopback/foobar]" :param/name=file
time="2019-02-12T22:44:17Z" level=debug msg=finished ::trace=01D3HY3PPX4DEMSEW33NN80BFX.1.5.4.1 :func=manager/runCommand :return/output="/var/lib/docker-volume-loopback/foobar: SGI XFS filesystem data (blksz 4096, inosz 512, v2 dirs)"
time="2019-02-12T22:44:17Z" level=debug msg=finished ::trace=01D3HY3PPX4DEMSEW33NN80BFX.1.5.4 :func=Volume/Fs :return/fs=xfs
time="2019-02-12T22:44:17Z" level=debug msg=invoked ::trace=01D3HY3PPX4DEMSEW33NN80BFX.1.5.5 :func=manager/runCommand :param/args="[-o nouuid /var/lib/docker-volume-loopback/foobar /mnt/foobar]" :param/name=mount
time="2019-02-12T22:44:17Z" level=debug msg=finished ::trace=01D3HY3PPX4DEMSEW33NN80BFX.1.5.5 :func=manager/runCommand :return/output=
time="2019-02-12T22:44:17Z" level=debug msg=finished ::trace=01D3HY3PPX4DEMSEW33NN80BFX.1.5 :func=manager/Mount :return/result=/mnt/foobar
time="2019-02-12T22:44:17Z" level=debug msg=invoked ::trace=01D3HY3PPX4DEMSEW33NN80BFX.1.6 :func=manager/runCommand :param/args="[0777 /mnt/foobar]" :param/name=chmod
time="2019-02-12T22:44:17Z" level=debug msg=finished ::trace=01D3HY3PPX4DEMSEW33NN80BFX.1.6 :func=manager/runCommand :return/output=
time="2019-02-12T22:44:17Z" level=debug msg=invoked ::trace=01D3HY3PPX4DEMSEW33NN80BFX.1.7 :func=manager/UnMount :param/lease=driver :param/name=foobar
time="2019-02-12T22:44:17Z" level=debug msg=invoked ::trace=01D3HY3PPX4DEMSEW33NN80BFX.1.7.1 :func=manager/validateName :param/name=foobar
time="2019-02-12T22:44:17Z" level=debug msg=finished ::trace=01D3HY3PPX4DEMSEW33NN80BFX.1.7.1 :func=manager/validateName
time="2019-02-12T22:44:17Z" level=debug msg=invoked ::trace=01D3HY3PPX4DEMSEW33NN80BFX.1.7.2 :func=manager/getVolume :param/name=foobar
time="2019-02-12T22:44:17Z" level=debug msg=finished ::trace=01D3HY3PPX4DEMSEW33NN80BFX.1.7.2 :func=manager/getVolume :return/volume="{foobar 1074053120 1073000000 /run/docker-volume-loopback/foobar /var/lib/docker-volume-loopback/foobar /mnt/foobar 2019-02-12 22:44:17.594223078 +0000 UTC }"
time="2019-02-12T22:44:17Z" level=debug msg=invoked ::trace=01D3HY3PPX4DEMSEW33NN80BFX.1.7.3 :func=Volume/IsMounted
time="2019-02-12T22:44:17Z" level=debug msg=finished ::trace=01D3HY3PPX4DEMSEW33NN80BFX.1.7.3 :func=Volume/IsMounted :return/mounted=false
time="2019-02-12T22:44:17Z" level=debug msg=invoked ::trace=01D3HY3PPX4DEMSEW33NN80BFX.1.7.4 :func=manager/runCommand :param/args="[-ld /mnt/foobar]" :param/name=umount
time="2019-02-12T22:44:17Z" level=debug msg=finished ::trace=01D3HY3PPX4DEMSEW33NN80BFX.1.7.4 :func=manager/runCommand :return/output=
time="2019-02-12T22:44:17Z" level=debug msg=finished ::trace=01D3HY3PPX4DEMSEW33NN80BFX.1.7 :func=manager/UnMount
time="2019-02-12T22:44:17Z" level=debug msg=finished ::trace=01D3HY3PPX4DEMSEW33NN80BFX.1 :func=manager/Create
time="2019-02-12T22:44:17Z" level=info msg="created volume" ::trace=01D3HY3PPX4DEMSEW33NN80BFX :func=driver/Create volume=foobar
time="2019-02-12T22:44:17Z" level=debug msg="finished processing" ::trace=01D3HY3PPX4DEMSEW33NN80BFX :func=driver/Create
